Using pre-set license
Built from '2022.3/china_unity/release' branch; Version is '2022.3.27f1c1 (bafe4098c52b) revision 12254784'; Using compiler version '192829333'; Build Type 'Release'
OS: 'Windows 11  (10.0.22631) 64bit Professional' Language: 'zh' Physical Memory: 16122 MB
BatchMode: 1, IsHumanControllingUs: 0, StartBugReporterOnCrash: 0, Is64bit: 1, IsPro: 1

COMMAND LINE ARGUMENTS:
C:\Program Files\Unity\Hub\Editor\2022.3.27f1c1\Editor\Unity.exe
-adb2
-batchMode
-noUpm
-name
AssetImportWorker1
-projectPath
D:/unity/project/RPG
-logFile
Logs/AssetImportWorker1.log
-srvPort
50384
Successfully changed project path to: D:/unity/project/RPG
D:/unity/project/RPG
[UnityMemory] Configuration Parameters - Can be set up in boot.config
    "memorysetup-bucket-allocator-granularity=16"
    "memorysetup-bucket-allocator-bucket-count=8"
    "memorysetup-bucket-allocator-block-size=33554432"
    "memorysetup-bucket-allocator-block-count=8"
    "memorysetup-main-allocator-block-size=16777216"
    "memorysetup-thread-allocator-block-size=16777216"
    "memorysetup-gfx-main-allocator-block-size=16777216"
    "memorysetup-gfx-thread-allocator-block-size=16777216"
    "memorysetup-cache-allocator-block-size=4194304"
    "memorysetup-typetree-allocator-block-size=2097152"
    "memorysetup-profiler-bucket-allocator-granularity=16"
    "memorysetup-profiler-bucket-allocator-bucket-count=8"
    "memorysetup-profiler-bucket-allocator-block-size=33554432"
    "memorysetup-profiler-bucket-allocator-block-count=8"
    "memorysetup-profiler-allocator-block-size=16777216"
    "memorysetup-profiler-editor-allocator-block-size=1048576"
    "memorysetup-temp-allocator-size-main=16777216"
    "memorysetup-job-temp-allocator-block-size=2097152"
    "memorysetup-job-temp-allocator-block-size-background=1048576"
    "memorysetup-job-temp-allocator-reduction-small-platforms=262144"
    "memorysetup-allocator-temp-initial-block-size-main=262144"
    "memorysetup-allocator-temp-initial-block-size-worker=262144"
    "memorysetup-temp-allocator-size-background-worker=32768"
    "memorysetup-temp-allocator-size-job-worker=262144"
    "memorysetup-temp-allocator-size-preload-manager=33554432"
    "memorysetup-temp-allocator-size-nav-mesh-worker=65536"
    "memorysetup-temp-allocator-size-audio-worker=65536"
    "memorysetup-temp-allocator-size-cloud-worker=32768"
    "memorysetup-temp-allocator-size-gi-baking-worker=262144"
    "memorysetup-temp-allocator-size-gfx=262144"
Player connection [39456] Host "[IP] 192.168.0.172 [Port] 0 [Flags] 2 [Guid] 1886950555 [EditorId] 1886950555 [Version] 1048832 [Id] WindowsEditor(7,YAMM-ASUS) [Debug] 1 [PackageName] WindowsEditor [ProjectName] Editor" joined multi-casting on [225.0.0.222:54997]...

Player connection [39456] Host "[IP] 192.168.0.172 [Port] 0 [Flags] 2 [Guid] 1886950555 [EditorId] 1886950555 [Version] 1048832 [Id] WindowsEditor(7,YAMM-ASUS) [Debug] 1 [PackageName] WindowsEditor [ProjectName] Editor" joined alternative multi-casting on [225.0.0.222:34997]...

[Physics::Module] Initialized MultithreadedJobDispatcher with 15 workers.
Refreshing native plugins compatible for Editor in 11.98 ms, found 3 plugins.
Preloading 0 native plugins for Editor in 0.00 ms.
Initialize engine version: 2022.3.27f1c1 (bafe4098c52b)
[Subsystems] Discovering subsystems at path C:/Program Files/Unity/Hub/Editor/2022.3.27f1c1/Editor/Data/Resources/UnitySubsystems
[Subsystems] Discovering subsystems at path D:/unity/project/RPG/Assets
GfxDevice: creating device client; threaded=0; jobified=0
Direct3D:
    Version:  Direct3D 11.0 [level 11.1]
    Renderer: NVIDIA GeForce RTX 3050 Ti Laptop GPU (ID=0x25a0)
    Vendor:   NVIDIA
    VRAM:     3990 MB
    Driver:   31.0.15.1720
Initialize mono
Mono path[0] = 'C:/Program Files/Unity/Hub/Editor/2022.3.27f1c1/Editor/Data/Managed'
Mono path[1] = 'C:/Program Files/Unity/Hub/Editor/2022.3.27f1c1/Editor/Data/MonoBleedingEdge/lib/mono/unityjit-win32'
Mono config path = 'C:/Program Files/Unity/Hub/Editor/2022.3.27f1c1/Editor/Data/MonoBleedingEdge/etc'
Using monoOptions --debugger-agent=transport=dt_socket,embedding=1,server=y,suspend=n,address=127.0.0.1:56764
Begin MonoManager ReloadAssembly
Registering precompiled unity dll's ...
Register platform support module: C:/Program Files/Unity/Hub/Editor/2022.3.27f1c1/Editor/Data/PlaybackEngines/WebGLSupport/UnityEditor.WebGL.Extensions.dll
Register platform support module: C:/Program Files/Unity/Hub/Editor/2022.3.27f1c1/Editor/Data/PlaybackEngines/WindowsStandaloneSupport/UnityEditor.WindowsStandalone.Extensions.dll
Registered in 0.007073 seconds.
- Loaded All Assemblies, in  0.289 seconds
Native extension for WindowsStandalone target not found
Native extension for WebGL target not found
Mono: successfully reloaded assembly
- Finished resetting the current domain, in  0.218 seconds
Domain Reload Profiling: 506ms
	BeginReloadAssembly (87ms)
		ExecutionOrderSort (0ms)
		DisableScriptedObjects (0ms)
		BackupInstance (0ms)
		ReleaseScriptingObjects (0ms)
		CreateAndSetChildDomain (1ms)
	RebuildCommonClasses (27ms)
	RebuildNativeTypeToScriptingClass (9ms)
	initialDomainReloadingComplete (51ms)
	LoadAllAssembliesAndSetupDomain (113ms)
		LoadAssemblies (84ms)
		RebuildTransferFunctionScriptingTraits (0ms)
		AnalyzeDomain (111ms)
			TypeCache.Refresh (110ms)
				TypeCache.ScanAssembly (99ms)
			ScanForSourceGeneratedMonoScriptInfo (0ms)
			ResolveRequiredComponents (0ms)
	FinalizeReload (219ms)
		ReleaseScriptCaches (0ms)
		RebuildScriptCaches (0ms)
		SetupLoadedEditorAssemblies (172ms)
			LogAssemblyErrors (0ms)
			InitializePlatformSupportModulesInManaged (8ms)
			SetLoadedEditorAssemblies (4ms)
			RefreshPlugins (0ms)
			BeforeProcessingInitializeOnLoad (2ms)
			ProcessInitializeOnLoadAttributes (119ms)
			ProcessInitializeOnLoadMethodAttributes (40ms)
			AfterProcessingInitializeOnLoad (0ms)
			EditorAssembliesLoaded (0ms)
		ExecutionOrderSort2 (0ms)
		AwakeInstancesAfterBackupRestoration (0ms)
========================================================================
Worker process is ready to serve import requests
Begin MonoManager ReloadAssembly
- Loaded All Assemblies, in  0.580 seconds
Refreshing native plugins compatible for Editor in 3.46 ms, found 3 plugins.
Native extension for WindowsStandalone target not found
Native extension for WebGL target not found
Package Manager log level set to [2]
[Package Manager] Server::EnsureServerProcessIsRunning -- launch failed, reason: Unity was launched with the -noUpm command-line argument
[Package Manager] UpmClient::Send -- Unable to send message (not connected to UPM process).
[Package Manager] Cannot connect to Unity Package Manager local server
Mono: successfully reloaded assembly
- Finished resetting the current domain, in  0.640 seconds
Domain Reload Profiling: 1217ms
	BeginReloadAssembly (121ms)
		ExecutionOrderSort (0ms)
		DisableScriptedObjects (4ms)
		BackupInstance (0ms)
		ReleaseScriptingObjects (0ms)
		CreateAndSetChildDomain (20ms)
	RebuildCommonClasses (27ms)
	RebuildNativeTypeToScriptingClass (9ms)
	initialDomainReloadingComplete (34ms)
	LoadAllAssembliesAndSetupDomain (386ms)
		LoadAssemblies (257ms)
		RebuildTransferFunctionScriptingTraits (0ms)
		AnalyzeDomain (196ms)
			TypeCache.Refresh (162ms)
				TypeCache.ScanAssembly (147ms)
			ScanForSourceGeneratedMonoScriptInfo (20ms)
			ResolveRequiredComponents (12ms)
	FinalizeReload (640ms)
		ReleaseScriptCaches (0ms)
		RebuildScriptCaches (0ms)
		SetupLoadedEditorAssemblies (501ms)
			LogAssemblyErrors (0ms)
			InitializePlatformSupportModulesInManaged (5ms)
			SetLoadedEditorAssemblies (4ms)
			RefreshPlugins (0ms)
			BeforeProcessingInitializeOnLoad (63ms)
			ProcessInitializeOnLoadAttributes (380ms)
			ProcessInitializeOnLoadMethodAttributes (42ms)
			AfterProcessingInitializeOnLoad (7ms)
			EditorAssembliesLoaded (0ms)
		ExecutionOrderSort2 (0ms)
		AwakeInstancesAfterBackupRestoration (9ms)
Launched and connected shader compiler UnityShaderCompiler.exe after 0.04 seconds
Refreshing native plugins compatible for Editor in 2.63 ms, found 3 plugins.
Preloading 0 native plugins for Editor in 0.00 ms.
Unloading 5004 Unused Serialized files (Serialized files now loaded: 0)
Unloading 71 unused Assets / (0.8 MB). Loaded Objects now: 5455.
Memory consumption went from 189.9 MB to 189.2 MB.
Total: 3.493400 ms (FindLiveObjects: 0.373700 ms CreateObjectMapping: 0.178900 ms MarkObjects: 2.536000 ms  DeleteObjects: 0.403700 ms)

AssetImportParameters requested are different than current active one (requested -> active):
  custom:container-demuxer-ogg: 62fdf1f143b41e24485cea50d1cbac27 -> 
  custom:video-codec-MediaFoundation-h265: 746d11721c4dcdbdad8f713fa42b33f4 -> 
  custom:video-decoder-ogg-theora: a1e56fd34408186e4bbccfd4996cb3dc -> 
  custom:framework-win-MediaFoundation: 216162199b28c13a410421893ffa2e32 -> 
  custom:CustomObjectIndexerAttribute: 72b91833f83ae208fae7752999fa3104 -> 
  custom:container-demuxer-webm: 4f35f7cbe854078d1ac9338744f61a02 -> 
  custom:container-muxer-webm: aa71ff27fc2769a1b78a27578f13a17b -> 
  custom:video-decoder-webm-vp8: 9c59270c3fd7afecdb556c50c9e8de78 -> 
  custom:SearchIndexIgnoredProperties: e643bd26f0fe6173181afceb89e7c659 -> 
  custom:AudioImporter_EditorPlatform: d09bf68614088b80899f8185d706f6e7 -> 
  custom:video-encoder-webm-vp8: eb34c28f22e8b96e1ab97ce403110664 -> 
  custom:audio-decoder-ogg-vorbis: bf7c407c2cedff20999df2af8eb42d56 -> 
  custom:audio-encoder-webm-vorbis: bf7c407c2cedff20999df2af8eb42d56 -> 
========================================================================
Received Import Request.
  Time since last request: 1894670.305458 seconds.
  path: Assets/Scenes/SampleScene.unity
  artifactKey: Guid(9fc0d4010bbf28b4594072e72b8655ab) Importer(2089858483,0ecaa5967403d082aa24f35e1b516d23)
Start importing Assets/Scenes/SampleScene.unity using Guid(9fc0d4010bbf28b4594072e72b8655ab) Importer(2089858483,0ecaa5967403d082aa24f35e1b516d23)  -> (artifact id: '6555c5d638f209c34ee276a2ef5de595') in 0.103698 seconds
Number of updated asset objects reloaded before import = 0
Number of asset objects unloaded after import = 1
========================================================================
Received Import Request.
  Time since last request: 157.924160 seconds.
  path: Assets/New Universal Render Pipeline Asset.asset
  artifactKey: Guid(7304bebbfdf1dae4cab6eb57b544f88f) Importer(2089858483,0ecaa5967403d082aa24f35e1b516d23)
Start importing Assets/New Universal Render Pipeline Asset.asset using Guid(7304bebbfdf1dae4cab6eb57b544f88f) Importer(2089858483,0ecaa5967403d082aa24f35e1b516d23)  -> (artifact id: 'b6fc2078fbe0c8e4ef892c33983883da') in 0.073840 seconds
Number of updated asset objects reloaded before import = 0
Number of asset objects unloaded after import = 50
========================================================================
Received Import Request.
  Time since last request: 57.265610 seconds.
  path: Assets/Pipeline Settings/New Universal Render Pipeline Asset.asset
  artifactKey: Guid(7304bebbfdf1dae4cab6eb57b544f88f) Importer(2089858483,0ecaa5967403d082aa24f35e1b516d23)
Start importing Assets/Pipeline Settings/New Universal Render Pipeline Asset.asset using Guid(7304bebbfdf1dae4cab6eb57b544f88f) Importer(2089858483,0ecaa5967403d082aa24f35e1b516d23)  -> (artifact id: 'e2e26cc3f8f8be724486c2c5cad5ec1e') in 0.020831 seconds
Number of updated asset objects reloaded before import = 0
Number of asset objects unloaded after import = 50
========================================================================
Received Prepare
Switching render pipeline 00000000000000000000000000000000 -> 7304bebbfdf1dae4cab6eb57b544f88f
Refreshing native plugins compatible for Editor in 2.68 ms, found 3 plugins.
Preloading 0 native plugins for Editor in 0.00 ms.
Unloading 55 Unused Serialized files (Serialized files now loaded: 0)
Unloading 6 unused Assets / (0.7 MB). Loaded Objects now: 5505.
Memory consumption went from 100.9 MB to 100.2 MB.
Total: 3.498300 ms (FindLiveObjects: 0.368400 ms CreateObjectMapping: 0.180500 ms MarkObjects: 2.666200 ms  DeleteObjects: 0.282300 ms)

Prepare: number of updated asset objects reloaded= 0
AssetImportParameters requested are different than current active one (requested -> active):
  custom:container-demuxer-ogg: 62fdf1f143b41e24485cea50d1cbac27 -> 
  custom:video-codec-MediaFoundation-h265: 746d11721c4dcdbdad8f713fa42b33f4 -> 
  custom:video-decoder-ogg-theora: a1e56fd34408186e4bbccfd4996cb3dc -> 
  custom:framework-win-MediaFoundation: 216162199b28c13a410421893ffa2e32 -> 
  custom:CustomObjectIndexerAttribute: 72b91833f83ae208fae7752999fa3104 -> 
  custom:container-demuxer-webm: 4f35f7cbe854078d1ac9338744f61a02 -> 
  custom:container-muxer-webm: aa71ff27fc2769a1b78a27578f13a17b -> 
  custom:video-decoder-webm-vp8: 9c59270c3fd7afecdb556c50c9e8de78 -> 
  custom:SearchIndexIgnoredProperties: e643bd26f0fe6173181afceb89e7c659 -> 
  custom:AudioImporter_EditorPlatform: d09bf68614088b80899f8185d706f6e7 -> 
  custom:video-encoder-webm-vp8: eb34c28f22e8b96e1ab97ce403110664 -> 
  custom:audio-decoder-ogg-vorbis: bf7c407c2cedff20999df2af8eb42d56 -> 
  custom:audio-encoder-webm-vorbis: bf7c407c2cedff20999df2af8eb42d56 -> 
========================================================================
Received Import Request.
  Time since last request: 299.916941 seconds.
  path: Assets/DogKnight/Animations
  artifactKey: Guid(acc95159d37cb8b49be0ca5f0bdc7fbe) Importer(2089858483,0ecaa5967403d082aa24f35e1b516d23)
Start importing Assets/DogKnight/Animations using Guid(acc95159d37cb8b49be0ca5f0bdc7fbe) Importer(2089858483,0ecaa5967403d082aa24f35e1b516d23)  -> (artifact id: 'e41a720653ff463f4c96042e99bd81bf') in 0.006971 seconds
Number of updated asset objects reloaded before import = 0
Number of asset objects unloaded after import = 1
========================================================================
Received Import Request.
  Time since last request: 0.043951 seconds.
  path: Assets/DogKnight/Material/Polyart.mat
  artifactKey: Guid(421140039854e8c42938a8cb73d3480c) Importer(2089858483,0ecaa5967403d082aa24f35e1b516d23)
Start importing Assets/DogKnight/Material/Polyart.mat using Guid(421140039854e8c42938a8cb73d3480c) Importer(2089858483,0ecaa5967403d082aa24f35e1b516d23)  -> (artifact id: 'f9e67a67e78f50995fb49ddd34176ad4') in 0.046128 seconds
Number of updated asset objects reloaded before import = 0
Number of asset objects unloaded after import = 2
========================================================================
Received Import Request.
  Time since last request: 0.001102 seconds.
  path: Assets/DogKnight/Mesh/Sword.fbx
  artifactKey: Guid(9ef625d01f79b4e4eb62fcdf032954ca) Importer(2089858483,0ecaa5967403d082aa24f35e1b516d23)
Start importing Assets/DogKnight/Mesh/Sword.fbx using Guid(9ef625d01f79b4e4eb62fcdf032954ca) Importer(2089858483,0ecaa5967403d082aa24f35e1b516d23)  -> (artifact id: '9e2d806e6e13e29bc3ddcf7fd455d7fa') in 0.034626 seconds
Number of updated asset objects reloaded before import = 0
Number of asset objects unloaded after import = 7
========================================================================
Received Import Request.
  Time since last request: 0.001007 seconds.
  path: Assets/DogKnight/Prefab
  artifactKey: Guid(9739c933b2b55f3488427aed995de914) Importer(2089858483,0ecaa5967403d082aa24f35e1b516d23)
Start importing Assets/DogKnight/Prefab using Guid(9739c933b2b55f3488427aed995de914) Importer(2089858483,0ecaa5967403d082aa24f35e1b516d23)  -> (artifact id: '9b66e9200ff97f20a57520c1fba8ea7d') in 0.002904 seconds
Number of updated asset objects reloaded before import = 0
Number of asset objects unloaded after import = 1
========================================================================
Received Import Request.
  Time since last request: 0.001128 seconds.
  path: Assets/DogKnight/Material/Stage.mat
  artifactKey: Guid(4cafe8a18bb8d2a4794bfd7693442026) Importer(2089858483,0ecaa5967403d082aa24f35e1b516d23)
Start importing Assets/DogKnight/Material/Stage.mat using Guid(4cafe8a18bb8d2a4794bfd7693442026) Importer(2089858483,0ecaa5967403d082aa24f35e1b516d23)  -> (artifact id: '14c637a117d760137857499479a5b839') in 0.030838 seconds
Number of updated asset objects reloaded before import = 0
Number of asset objects unloaded after import = 1
========================================================================
Received Import Request.
  Time since last request: 0.001298 seconds.
  path: Assets/DogKnight/Texture/MS.png
  artifactKey: Guid(f4da30a223a78034fbc3c563d2a924a7) Importer(2089858483,0ecaa5967403d082aa24f35e1b516d23)
Start importing Assets/DogKnight/Texture/MS.png using Guid(f4da30a223a78034fbc3c563d2a924a7) Importer(2089858483,0ecaa5967403d082aa24f35e1b516d23)  -> (artifact id: '8a9d5982dde4ec018559bb569a14cfb1') in 0.041158 seconds
Number of updated asset objects reloaded before import = 0
Number of asset objects unloaded after import = 1
========================================================================
Received Import Request.
  Time since last request: 0.001993 seconds.
  path: Assets/DogKnight/Texture/StandardAlbedo.png
  artifactKey: Guid(5b981358eaa6be84dbe67e39c78e448b) Importer(2089858483,0ecaa5967403d082aa24f35e1b516d23)
Start importing Assets/DogKnight/Texture/StandardAlbedo.png using Guid(5b981358eaa6be84dbe67e39c78e448b) Importer(2089858483,0ecaa5967403d082aa24f35e1b516d23)  -> (artifact id: 'b44c114ef13c7c9a2fbc83478fd72702') in 0.009532 seconds
Number of updated asset objects reloaded before import = 0
Number of asset objects unloaded after import = 1
========================================================================
Received Import Request.
  Time since last request: 0.001708 seconds.
  path: Assets/DogKnight/Mesh/DogPBR.fbx
  artifactKey: Guid(d9a1483b77bf10e4e851678ab6c2e54e) Importer(2089858483,0ecaa5967403d082aa24f35e1b516d23)
Start importing Assets/DogKnight/Mesh/DogPBR.fbx using Guid(d9a1483b77bf10e4e851678ab6c2e54e) Importer(2089858483,0ecaa5967403d082aa24f35e1b516d23)  -> (artifact id: '789fee06ff7798c1b95defd509888ed6') in 0.017461 seconds
Number of updated asset objects reloaded before import = 0
Number of asset objects unloaded after import = 146
========================================================================
Received Import Request.
  Time since last request: 0.000803 seconds.
  path: Assets/DogKnight/Animations/GetHit.anim
  artifactKey: Guid(1588532e68f51a040bda71c68cfab177) Importer(2089858483,0ecaa5967403d082aa24f35e1b516d23)
Start importing Assets/DogKnight/Animations/GetHit.anim using Guid(1588532e68f51a040bda71c68cfab177) Importer(2089858483,0ecaa5967403d082aa24f35e1b516d23)  -> (artifact id: '160adedec75539a05f5dda1e41d8aeda') in 0.013352 seconds
Number of updated asset objects reloaded before import = 0
Number of asset objects unloaded after import = 1
========================================================================
Received Import Request.
  Time since last request: 0.000649 seconds.
  path: Assets/DogKnight/Material/PBR.mat
  artifactKey: Guid(da05e49adf02c134f88f541992ee78d2) Importer(2089858483,0ecaa5967403d082aa24f35e1b516d23)
Start importing Assets/DogKnight/Material/PBR.mat using Guid(da05e49adf02c134f88f541992ee78d2) Importer(2089858483,0ecaa5967403d082aa24f35e1b516d23)  -> (artifact id: '698da2525ca1d1bf318a0bb2d03a8dfe') in 0.047061 seconds
Number of updated asset objects reloaded before import = 0
Number of asset objects unloaded after import = 5
========================================================================
Received Import Request.
  Time since last request: 0.003046 seconds.
  path: Assets/DogKnight/Animations/Die.anim
  artifactKey: Guid(5d190d8211c88a64281f7b90c69f3eb3) Importer(2089858483,0ecaa5967403d082aa24f35e1b516d23)
Start importing Assets/DogKnight/Animations/Die.anim using Guid(5d190d8211c88a64281f7b90c69f3eb3) Importer(2089858483,0ecaa5967403d082aa24f35e1b516d23)  -> (artifact id: '97ead9ae886f0abcad0788e10e682ae5') in 0.011597 seconds
Number of updated asset objects reloaded before import = 0
Number of asset objects unloaded after import = 1
========================================================================
Received Import Request.
  Time since last request: 0.001027 seconds.
  path: Assets/DogKnight/Prefab/DogPBR.prefab
  artifactKey: Guid(214e08cd5e5d74c458e2a81b7ec2c84c) Importer(2089858483,0ecaa5967403d082aa24f35e1b516d23)
Start importing Assets/DogKnight/Prefab/DogPBR.prefab using Guid(214e08cd5e5d74c458e2a81b7ec2c84c) Importer(2089858483,0ecaa5967403d082aa24f35e1b516d23)  -> (artifact id: '2837e97ca4b14026915ebbcd7b977679') in 0.057577 seconds
Number of updated asset objects reloaded before import = 0
Number of asset objects unloaded after import = 188
========================================================================
Received Import Request.
  Time since last request: 0.000141 seconds.
  path: Assets/DogKnight/Mesh/ShieldPolyart.fbx
  artifactKey: Guid(b20cb9cb9197fb64a830cea6c0550d0e) Importer(2089858483,0ecaa5967403d082aa24f35e1b516d23)
Start importing Assets/DogKnight/Mesh/ShieldPolyart.fbx using Guid(b20cb9cb9197fb64a830cea6c0550d0e) Importer(2089858483,0ecaa5967403d082aa24f35e1b516d23)  -> (artifact id: '760c8c39889e01305ac2aadacaad8bd6') in 0.016925 seconds
Number of updated asset objects reloaded before import = 0
Number of asset objects unloaded after import = 7
========================================================================
Received Import Request.
  Time since last request: 0.001055 seconds.
  path: Assets/DogKnight/Texture/AO.png
  artifactKey: Guid(ab3e8c0e82b3db8429abc130ac9e62d5) Importer(2089858483,0ecaa5967403d082aa24f35e1b516d23)
Start importing Assets/DogKnight/Texture/AO.png using Guid(ab3e8c0e82b3db8429abc130ac9e62d5) Importer(2089858483,0ecaa5967403d082aa24f35e1b516d23)  -> (artifact id: '6e784b6db1359b3b683bb83a3985d8c7') in 0.012419 seconds
Number of updated asset objects reloaded before import = 0
Number of asset objects unloaded after import = 1
========================================================================
Received Import Request.
  Time since last request: 0.000698 seconds.
  path: Assets/DogKnight/Scene
  artifactKey: Guid(169044d5b44cadd40949a7ac78a33176) Importer(2089858483,0ecaa5967403d082aa24f35e1b516d23)
Start importing Assets/DogKnight/Scene using Guid(169044d5b44cadd40949a7ac78a33176) Importer(2089858483,0ecaa5967403d082aa24f35e1b516d23)  -> (artifact id: '188b3c0e0042133fba54c92e698b4bed') in 0.002288 seconds
Number of updated asset objects reloaded before import = 0
Number of asset objects unloaded after import = 1
========================================================================
Received Import Request.
  Time since last request: 0.000817 seconds.
  path: Assets/DogKnight/Animations/Attack02.anim
  artifactKey: Guid(eccbae3cfc77ad245ade46e143aa3200) Importer(2089858483,0ecaa5967403d082aa24f35e1b516d23)
Start importing Assets/DogKnight/Animations/Attack02.anim using Guid(eccbae3cfc77ad245ade46e143aa3200) Importer(2089858483,0ecaa5967403d082aa24f35e1b516d23)  -> (artifact id: 'c64fc19a6f542d78d9d3f2957902d93b') in 0.010365 seconds
Number of updated asset objects reloaded before import = 0
Number of asset objects unloaded after import = 1
========================================================================
Received Import Request.
  Time since last request: 0.002294 seconds.
  path: Assets/DogKnight/Mesh/DogPolyart.fbx
  artifactKey: Guid(a58d63122b09e9144938cd6a1ece4824) Importer(2089858483,0ecaa5967403d082aa24f35e1b516d23)
Start importing Assets/DogKnight/Mesh/DogPolyart.fbx using Guid(a58d63122b09e9144938cd6a1ece4824) Importer(2089858483,0ecaa5967403d082aa24f35e1b516d23)  -> (artifact id: 'ed5fef719c135739bbc224c1d7849f73') in 0.014109 seconds
Number of updated asset objects reloaded before import = 0
Number of asset objects unloaded after import = 146
========================================================================
Received Import Request.
  Time since last request: 0.000206 seconds.
  path: Assets/DogKnight/Material
  artifactKey: Guid(9728cb8ec5fa99441b90bfbaeab3521c) Importer(2089858483,0ecaa5967403d082aa24f35e1b516d23)
Start importing Assets/DogKnight/Material using Guid(9728cb8ec5fa99441b90bfbaeab3521c) Importer(2089858483,0ecaa5967403d082aa24f35e1b516d23)  -> (artifact id: 'fe7bf02f2dcd073eec19de8498747ee3') in 0.002892 seconds
Number of updated asset objects reloaded before import = 0
Number of asset objects unloaded after import = 1
========================================================================
Received Import Request.
  Time since last request: 0.000442 seconds.
  path: Assets/DogKnight/Animations/Dizzy.anim
  artifactKey: Guid(30d4fe7af77240a44b9354aaed8e5beb) Importer(2089858483,0ecaa5967403d082aa24f35e1b516d23)
Start importing Assets/DogKnight/Animations/Dizzy.anim using Guid(30d4fe7af77240a44b9354aaed8e5beb) Importer(2089858483,0ecaa5967403d082aa24f35e1b516d23)  -> (artifact id: 'e93f212b3ff7abc2b3965343cbdc4273') in 0.008654 seconds
Number of updated asset objects reloaded before import = 0
Number of asset objects unloaded after import = 1
========================================================================
Received Import Request.
  Time since last request: 25.468867 seconds.
  path: Assets/SimpleNaturePack/Models/Bush_01.fbx
  artifactKey: Guid(d8ea93d2d4757e444a5349f4bc849128) Importer(2089858483,0ecaa5967403d082aa24f35e1b516d23)
Start importing Assets/SimpleNaturePack/Models/Bush_01.fbx using Guid(d8ea93d2d4757e444a5349f4bc849128) Importer(2089858483,0ecaa5967403d082aa24f35e1b516d23)  -> (artifact id: '46bc9c671ec5d424546a5b49da9b6920') in 0.012036 seconds
Number of updated asset objects reloaded before import = 0
Number of asset objects unloaded after import = 15
========================================================================
Received Import Request.
  Time since last request: 0.001949 seconds.
  path: Assets/SimpleNaturePack/Prefabs/Tree_05.prefab
  artifactKey: Guid(60f79905accf3b24fa0114b941f1aac0) Importer(2089858483,0ecaa5967403d082aa24f35e1b516d23)
Start importing Assets/SimpleNaturePack/Prefabs/Tree_05.prefab using Guid(60f79905accf3b24fa0114b941f1aac0) Importer(2089858483,0ecaa5967403d082aa24f35e1b516d23)  -> (artifact id: '59c870fa348c08021c198a825c702111') in 0.005273 seconds
Number of updated asset objects reloaded before import = 0
Number of asset objects unloaded after import = 16
========================================================================
Received Import Request.
  Time since last request: 0.001166 seconds.
  path: Assets/SimpleNaturePack/Prefabs/Tree_02.prefab
  artifactKey: Guid(e289bf5debb17f6459818c207d781953) Importer(2089858483,0ecaa5967403d082aa24f35e1b516d23)
Start importing Assets/SimpleNaturePack/Prefabs/Tree_02.prefab using Guid(e289bf5debb17f6459818c207d781953) Importer(2089858483,0ecaa5967403d082aa24f35e1b516d23)  -> (artifact id: 'dfc1ab0f60953da61447c159a9c398ad') in 0.005694 seconds
Number of updated asset objects reloaded before import = 0
Number of asset objects unloaded after import = 16
========================================================================
Received Import Request.
  Time since last request: 0.003719 seconds.
  path: Assets/SimpleNaturePack/Prefabs/Rock_01.prefab
  artifactKey: Guid(c6308cb7062fac34e8e50600086b12a1) Importer(2089858483,0ecaa5967403d082aa24f35e1b516d23)
Start importing Assets/SimpleNaturePack/Prefabs/Rock_01.prefab using Guid(c6308cb7062fac34e8e50600086b12a1) Importer(2089858483,0ecaa5967403d082aa24f35e1b516d23)  -> (artifact id: '6e2fa4476677d6de4fba2ad0d0e34399') in 0.013244 seconds
Number of updated asset objects reloaded before import = 0
Number of asset objects unloaded after import = 8
========================================================================
Received Import Request.
  Time since last request: 0.001541 seconds.
  path: Assets/SimpleNaturePack/Models/Grass_01.fbx
  artifactKey: Guid(ad3119cbd6dce024e8460ef32dec49df) Importer(2089858483,0ecaa5967403d082aa24f35e1b516d23)
Start importing Assets/SimpleNaturePack/Models/Grass_01.fbx using Guid(ad3119cbd6dce024e8460ef32dec49df) Importer(2089858483,0ecaa5967403d082aa24f35e1b516d23)  -> (artifact id: '4f64ca2be45834d7f8661f425dc2627e') in 0.016389 seconds
Number of updated asset objects reloaded before import = 0
Number of asset objects unloaded after import = 15
========================================================================
Received Import Request.
  Time since last request: 0.001214 seconds.
  path: Assets/SimpleNaturePack/Textures
  artifactKey: Guid(2d44b6cffc02046488649c55d0f4d79e) Importer(2089858483,0ecaa5967403d082aa24f35e1b516d23)
Start importing Assets/SimpleNaturePack/Textures using Guid(2d44b6cffc02046488649c55d0f4d79e) Importer(2089858483,0ecaa5967403d082aa24f35e1b516d23)  -> (artifact id: 'bec58662982ed194fc2c86194a28cb22') in 0.002704 seconds
Number of updated asset objects reloaded before import = 0
Number of asset objects unloaded after import = 1
========================================================================
Received Import Request.
  Time since last request: 0.000927 seconds.
  path: Assets/SimpleNaturePack
  artifactKey: Guid(30341396a589664418cb8e33d2b6dc29) Importer(2089858483,0ecaa5967403d082aa24f35e1b516d23)
Start importing Assets/SimpleNaturePack using Guid(30341396a589664418cb8e33d2b6dc29) Importer(2089858483,0ecaa5967403d082aa24f35e1b516d23)  -> (artifact id: 'a731d6d948456b05eb4b4313ecedd814') in 0.002988 seconds
Number of updated asset objects reloaded before import = 0
Number of asset objects unloaded after import = 1
========================================================================
Received Import Request.
  Time since last request: 0.003142 seconds.
  path: Assets/SimpleNaturePack/SimpleNaturePack_2020.3_HDRP_v1.24.unitypackage
  artifactKey: Guid(58f7e79a87c79824597746e8c1bfe400) Importer(2089858483,0ecaa5967403d082aa24f35e1b516d23)
Start importing Assets/SimpleNaturePack/SimpleNaturePack_2020.3_HDRP_v1.24.unitypackage using Guid(58f7e79a87c79824597746e8c1bfe400) Importer(2089858483,0ecaa5967403d082aa24f35e1b516d23)  -> (artifact id: '647aabbd40b419602931f97a2afa90fb') in 0.004553 seconds
Number of updated asset objects reloaded before import = 0
Number of asset objects unloaded after import = 1
========================================================================
Received Import Request.
  Time since last request: 0.003127 seconds.
  path: Assets/SimpleNaturePack/Prefabs/Bush_01.prefab
  artifactKey: Guid(3cdafb3c2f54d434894928d72d282874) Importer(2089858483,0ecaa5967403d082aa24f35e1b516d23)
Start importing Assets/SimpleNaturePack/Prefabs/Bush_01.prefab using Guid(3cdafb3c2f54d434894928d72d282874) Importer(2089858483,0ecaa5967403d082aa24f35e1b516d23)  -> (artifact id: 'd3c6dddaddb1b9077eb85496c57a0a7e') in 0.007270 seconds
Number of updated asset objects reloaded before import = 0
Number of asset objects unloaded after import = 16
========================================================================
Received Import Request.
  Time since last request: 0.001496 seconds.
  path: Assets/SimpleNaturePack/Models/Ground_01.fbx
  artifactKey: Guid(d4ad967689295ba4eaf8baeaebc8721b) Importer(2089858483,0ecaa5967403d082aa24f35e1b516d23)
Start importing Assets/SimpleNaturePack/Models/Ground_01.fbx using Guid(d4ad967689295ba4eaf8baeaebc8721b) Importer(2089858483,0ecaa5967403d082aa24f35e1b516d23)  -> (artifact id: '23d67e9b938f0399aa11641886028ef6') in 0.020751 seconds
Number of updated asset objects reloaded before import = 0
Number of asset objects unloaded after import = 7
========================================================================
Received Import Request.
  Time since last request: 0.004573 seconds.
  path: Assets/SimpleNaturePack/Models/Rock_02.fbx
  artifactKey: Guid(3a775dc2c1a334b45a5667a56fe92c23) Importer(2089858483,0ecaa5967403d082aa24f35e1b516d23)
Start importing Assets/SimpleNaturePack/Models/Rock_02.fbx using Guid(3a775dc2c1a334b45a5667a56fe92c23) Importer(2089858483,0ecaa5967403d082aa24f35e1b516d23)  -> (artifact id: '909609b56f9cea0e6d71791f17e576be') in 0.011018 seconds
Number of updated asset objects reloaded before import = 0
Number of asset objects unloaded after import = 7
========================================================================
Received Import Request.
  Time since last request: 0.000397 seconds.
  path: Assets/SimpleNaturePack/Models/Stump_01.fbx
  artifactKey: Guid(768be665aba8b4e4aae7a973ae9616cf) Importer(2089858483,0ecaa5967403d082aa24f35e1b516d23)
Start importing Assets/SimpleNaturePack/Models/Stump_01.fbx using Guid(768be665aba8b4e4aae7a973ae9616cf) Importer(2089858483,0ecaa5967403d082aa24f35e1b516d23)  -> (artifact id: 'a0f39070be9c25c7c17a3dad5cbd5b4a') in 0.015416 seconds
Number of updated asset objects reloaded before import = 0
Number of asset objects unloaded after import = 15
========================================================================
Received Import Request.
  Time since last request: 0.000932 seconds.
  path: Assets/SimpleNaturePack/Models/Tree_02.fbx
  artifactKey: Guid(4471b1f7f824e4d44887e1364c6fc61a) Importer(2089858483,0ecaa5967403d082aa24f35e1b516d23)
Start importing Assets/SimpleNaturePack/Models/Tree_02.fbx using Guid(4471b1f7f824e4d44887e1364c6fc61a) Importer(2089858483,0ecaa5967403d082aa24f35e1b516d23)  -> (artifact id: '9f136a8a4ec367023c58fd7361635368') in 0.012222 seconds
Number of updated asset objects reloaded before import = 0
Number of asset objects unloaded after import = 15
========================================================================
Received Import Request.
  Time since last request: 0.001755 seconds.
  path: Assets/SimpleNaturePack/Prefabs/Rock_05.prefab
  artifactKey: Guid(a778b631c6253a04899cb31bad047c81) Importer(2089858483,0ecaa5967403d082aa24f35e1b516d23)
Start importing Assets/SimpleNaturePack/Prefabs/Rock_05.prefab using Guid(a778b631c6253a04899cb31bad047c81) Importer(2089858483,0ecaa5967403d082aa24f35e1b516d23)  -> (artifact id: '1bf0f342165309caaf6e1fce996c48b4') in 0.007456 seconds
Number of updated asset objects reloaded before import = 0
Number of asset objects unloaded after import = 8
========================================================================
Received Import Request.
  Time since last request: 0.001558 seconds.
  path: Assets/SimpleNaturePack/Models/Rock_05.fbx
  artifactKey: Guid(fa2e670bb3648a84b9df8d16da25b85e) Importer(2089858483,0ecaa5967403d082aa24f35e1b516d23)
Start importing Assets/SimpleNaturePack/Models/Rock_05.fbx using Guid(fa2e670bb3648a84b9df8d16da25b85e) Importer(2089858483,0ecaa5967403d082aa24f35e1b516d23)  -> (artifact id: '72028402ae867c3f88bf68012d1eb22f') in 0.011170 seconds
Number of updated asset objects reloaded before import = 0
Number of asset objects unloaded after import = 7
========================================================================
Received Import Request.
  Time since last request: 0.001463 seconds.
  path: Assets/SimpleNaturePack/Scenes/SimpleNaturePack_DemoSettings.lighting
  artifactKey: Guid(70f1fbbec25a32b468ffc334f5f6dca3) Importer(2089858483,0ecaa5967403d082aa24f35e1b516d23)
Start importing Assets/SimpleNaturePack/Scenes/SimpleNaturePack_DemoSettings.lighting using Guid(70f1fbbec25a32b468ffc334f5f6dca3) Importer(2089858483,0ecaa5967403d082aa24f35e1b516d23)  -> (artifact id: 'c7bdf035c76eb5279a3a6ec6de43fc61') in 0.012976 seconds
Number of updated asset objects reloaded before import = 0
Number of asset objects unloaded after import = 1
========================================================================
Received Import Request.
  Time since last request: 0.000645 seconds.
  path: Assets/SimpleNaturePack/Prefabs/Mushroom_02.prefab
  artifactKey: Guid(494f6d43e170e9145bc7865d243ee00b) Importer(2089858483,0ecaa5967403d082aa24f35e1b516d23)
Start importing Assets/SimpleNaturePack/Prefabs/Mushroom_02.prefab using Guid(494f6d43e170e9145bc7865d243ee00b) Importer(2089858483,0ecaa5967403d082aa24f35e1b516d23)  -> (artifact id: 'bdc8d00227cf3359be548c8c8acb32fc') in 0.005269 seconds
Number of updated asset objects reloaded before import = 0
Number of asset objects unloaded after import = 16
========================================================================
Received Import Request.
  Time since last request: 0.001542 seconds.
  path: Assets/SimpleNaturePack/Scenes
  artifactKey: Guid(cf7d20afeed25e648acff9bab9734317) Importer(2089858483,0ecaa5967403d082aa24f35e1b516d23)
Start importing Assets/SimpleNaturePack/Scenes using Guid(cf7d20afeed25e648acff9bab9734317) Importer(2089858483,0ecaa5967403d082aa24f35e1b516d23)  -> (artifact id: 'c020a5ed3309a8f2c9050297b966b4f2') in 0.002489 seconds
Number of updated asset objects reloaded before import = 0
Number of asset objects unloaded after import = 1
========================================================================
Received Import Request.
  Time since last request: 0.001455 seconds.
  path: Assets/SimpleNaturePack/Prefabs/Mushroom_01.prefab
  artifactKey: Guid(ff62b58c5a9ea164fa8ddf8038e10cd1) Importer(2089858483,0ecaa5967403d082aa24f35e1b516d23)
Start importing Assets/SimpleNaturePack/Prefabs/Mushroom_01.prefab using Guid(ff62b58c5a9ea164fa8ddf8038e10cd1) Importer(2089858483,0ecaa5967403d082aa24f35e1b516d23)  -> (artifact id: '6be0f454be78dfc16e9366e22127b708') in 0.007244 seconds
Number of updated asset objects reloaded before import = 0
Number of asset objects unloaded after import = 16
========================================================================
Received Import Request.
  Time since last request: 0.000864 seconds.
  path: Assets/SimpleNaturePack/Models/Tree_01.fbx
  artifactKey: Guid(6c7eaede4efc960409fb9ef2dfb77f29) Importer(2089858483,0ecaa5967403d082aa24f35e1b516d23)
Start importing Assets/SimpleNaturePack/Models/Tree_01.fbx using Guid(6c7eaede4efc960409fb9ef2dfb77f29) Importer(2089858483,0ecaa5967403d082aa24f35e1b516d23)  -> (artifact id: '3e9160c7d0baf07d2e7962c9ab303da0') in 0.016802 seconds
Number of updated asset objects reloaded before import = 0
Number of asset objects unloaded after import = 15
========================================================================
Received Import Request.
  Time since last request: 0.002078 seconds.
  path: Assets/SimpleNaturePack/Prefabs/Stump_01.prefab
  artifactKey: Guid(eebb56c82efbd8d4bb0eb6bd925a0e9d) Importer(2089858483,0ecaa5967403d082aa24f35e1b516d23)
Start importing Assets/SimpleNaturePack/Prefabs/Stump_01.prefab using Guid(eebb56c82efbd8d4bb0eb6bd925a0e9d) Importer(2089858483,0ecaa5967403d082aa24f35e1b516d23)  -> (artifact id: '61660da8655052546cac92b15a3fb559') in 0.004931 seconds
Number of updated asset objects reloaded before import = 0
Number of asset objects unloaded after import = 16
========================================================================
Received Import Request.
  Time since last request: 0.000685 seconds.
  path: Assets/SimpleNaturePack/Models
  artifactKey: Guid(f2460ba6bbb1eee41b63499dcba676dc) Importer(2089858483,0ecaa5967403d082aa24f35e1b516d23)
Start importing Assets/SimpleNaturePack/Models using Guid(f2460ba6bbb1eee41b63499dcba676dc) Importer(2089858483,0ecaa5967403d082aa24f35e1b516d23)  -> (artifact id: 'b092a1f73693f4074ead69590202b788') in 0.002535 seconds
Number of updated asset objects reloaded before import = 0
Number of asset objects unloaded after import = 1
========================================================================
Received Import Request.
  Time since last request: 0.000672 seconds.
  path: Assets/SimpleNaturePack/Models/Mushroom_02.fbx
  artifactKey: Guid(6c890c97a154a474082af84a379dffce) Importer(2089858483,0ecaa5967403d082aa24f35e1b516d23)
Start importing Assets/SimpleNaturePack/Models/Mushroom_02.fbx using Guid(6c890c97a154a474082af84a379dffce) Importer(2089858483,0ecaa5967403d082aa24f35e1b516d23)  -> (artifact id: 'bb1ec103ffe065f41f5adbf03433c325') in 0.009916 seconds
Number of updated asset objects reloaded before import = 0
Number of asset objects unloaded after import = 15
========================================================================
Received Import Request.
  Time since last request: 506.009514 seconds.
  path: Assets/SimpleNaturePack/Scenes/SimpleNaturePack_Overview.unity
  artifactKey: Guid(b818941d93326b949a3840a1d79ea88f) Importer(2089858483,0ecaa5967403d082aa24f35e1b516d23)
Start importing Assets/SimpleNaturePack/Scenes/SimpleNaturePack_Overview.unity using Guid(b818941d93326b949a3840a1d79ea88f) Importer(2089858483,0ecaa5967403d082aa24f35e1b516d23)  -> (artifact id: '25bbbf84a9f533b8132ba745a61e7201') in 0.005374 seconds
Number of updated asset objects reloaded before import = 0
Number of asset objects unloaded after import = 1
========================================================================
Received Import Request.
  Time since last request: 0.456014 seconds.
  path: Assets/SimpleNaturePack/Scenes/PostProcessing/URP_SimpleNaturePack.asset
  artifactKey: Guid(c7e582d21ef96944bbc8ab11547f9d86) Importer(2089858483,0ecaa5967403d082aa24f35e1b516d23)
Start importing Assets/SimpleNaturePack/Scenes/PostProcessing/URP_SimpleNaturePack.asset using Guid(c7e582d21ef96944bbc8ab11547f9d86) Importer(2089858483,0ecaa5967403d082aa24f35e1b516d23)  -> (artifact id: '6b1eba51bc9d2977f7d442676ae26123') in 0.017909 seconds
Number of updated asset objects reloaded before import = 0
Number of asset objects unloaded after import = 2
========================================================================
Received Import Request.
  Time since last request: 0.001050 seconds.
  path: Assets/SimpleNaturePack/Materials/SimpleNaturePack_Texture_01.mat
  artifactKey: Guid(93caadf4359ae8143aad35b3145d31af) Importer(2089858483,0ecaa5967403d082aa24f35e1b516d23)
Start importing Assets/SimpleNaturePack/Materials/SimpleNaturePack_Texture_01.mat using Guid(93caadf4359ae8143aad35b3145d31af) Importer(2089858483,0ecaa5967403d082aa24f35e1b516d23)  -> (artifact id: '606ccf260b0f40bd5e7661306fcbbd44') in 0.010771 seconds
Number of updated asset objects reloaded before import = 0
Number of asset objects unloaded after import = 2
========================================================================
Received Import Request.
  Time since last request: 0.457775 seconds.
  path: Assets/SimpleNaturePack/Scenes/SimpleNaturePack_Demo.unity
  artifactKey: Guid(5e7af4bd95ac53a4cb784a9eedf8f6f9) Importer(2089858483,0ecaa5967403d082aa24f35e1b516d23)
Start importing Assets/SimpleNaturePack/Scenes/SimpleNaturePack_Demo.unity using Guid(5e7af4bd95ac53a4cb784a9eedf8f6f9) Importer(2089858483,0ecaa5967403d082aa24f35e1b516d23)  -> (artifact id: 'aa6e1ce4403f768ee707515db13e91cb') in 0.002383 seconds
Number of updated asset objects reloaded before import = 0
Number of asset objects unloaded after import = 1
========================================================================
Received Import Request.
  Time since last request: 0.000559 seconds.
  path: Assets/SimpleNaturePack/Scenes/PostProcessing
  artifactKey: Guid(0bcd04f45442cb246bbd9280c0ac6cd2) Importer(2089858483,0ecaa5967403d082aa24f35e1b516d23)
Start importing Assets/SimpleNaturePack/Scenes/PostProcessing using Guid(0bcd04f45442cb246bbd9280c0ac6cd2) Importer(2089858483,0ecaa5967403d082aa24f35e1b516d23)  -> (artifact id: 'b5719ad065496fa37a997edf764cd5f2') in 0.002446 seconds
Number of updated asset objects reloaded before import = 0
Number of asset objects unloaded after import = 1
Editor requested this worker to shutdown with reason: Scaling down because of idle timeout
TcpMessagingSession - receive error: operation aborted. errorcode: 995, details: 由于线程退出或应用程序请求，已中止 I/O 操作。
AssetImportWorker is now disconnected from the server
Process exiting
Exiting without the bug reporter. Application will terminate with return code 0